<?xml version="1.0" encoding="UTF-8"?>
<!-- Generated by org.testng.reporters.JUnitReportReporter -->
<testsuite hostname="DESKTOP-1Q9C5PA" failures="0" tests="2" name="runner.PetStoreRunner" time="24.149" errors="0" timestamp="2023-06-25T18:10:20 IST" skipped="0">
  <testcase classname="runner.PetStoreRunner" name="runScenario" time="17.919"/>
  <system-out/>
  <testcase classname="runner.PetStoreRunner" name="runScenario" time="6.230"/>
  <system-out/>
</testsuite> <!-- runner.PetStoreRunner -->
