<?xml version="1.0" encoding="UTF-8"?>
<!-- Generated by org.testng.reporters.JUnitReportReporter -->
<testsuite hostname="DESKTOP-1Q9C5PA" failures="0" tests="1" name="runner.PetStoreRunner" time="12.008" errors="0" timestamp="2023-06-22T09:02:41 IST" skipped="0">
  <testcase classname="runner.PetStoreRunner" name="runScenario" time="12.008"/>
  <system-out/>
</testsuite> <!-- runner.PetStoreRunner -->
