<?xml version="1.0" encoding="UTF-8"?>
<!-- Generated by org.testng.reporters.JUnitReportReporter -->
<testsuite hostname="DESKTOP-1Q9C5PA" failures="0" tests="3" name="runner.PetStoreRunner" time="30.257" errors="0" timestamp="2023-06-26T12:39:50 IST" skipped="0">
  <testcase classname="runner.PetStoreRunner" name="runScenario" time="9.440"/>
  <system-out/>
  <testcase classname="runner.PetStoreRunner" name="runScenario" time="13.549"/>
  <system-out/>
  <testcase classname="runner.PetStoreRunner" name="runScenario" time="7.268"/>
  <system-out/>
</testsuite> <!-- runner.PetStoreRunner -->
