<?xml version="1.0" encoding="UTF-8"?>
<!-- Generated by org.testng.reporters.JUnitReportReporter -->
<testsuite hostname="DESKTOP-1Q9C5PA" failures="0" tests="3" name="runner.PetStoreRunner" time="27.992" errors="0" timestamp="2023-06-26T12:36:21 IST" skipped="0">
  <testcase classname="runner.PetStoreRunner" name="runScenario" time="8.166"/>
  <system-out/>
  <testcase classname="runner.PetStoreRunner" name="runScenario" time="13.571"/>
  <system-out/>
  <testcase classname="runner.PetStoreRunner" name="runScenario" time="6.255"/>
  <system-out/>
</testsuite> <!-- runner.PetStoreRunner -->
