<?xml version="1.0" encoding="UTF-8"?>
<!-- Generated by org.testng.reporters.JUnitReportReporter -->
<testsuite hostname="DESKTOP-1Q9C5PA" failures="0" tests="1" name="runner.PetStoreRunner" time="9.996" errors="1" timestamp="2023-06-22T08:54:22 IST" skipped="0">
  <testcase classname="runner.PetStoreRunner" name="runScenario" time="9.996">
    <error message="Cannot invoke &quot;org.openqa.selenium.WebDriver.manage()&quot; because &quot;this.driver&quot; is null" type="java.lang.NullPointerException">
      <![CDATA[java.lang.NullPointerException: Cannot invoke "org.openqa.selenium.WebDriver.manage()" because "this.driver" is null
at hooks.AppHooks.launchBrowser(AppHooks.java:36)
]]>
    </error>
  </testcase> <!-- runScenario -->
  <system-out/>
</testsuite> <!-- runner.PetStoreRunner -->
